#
# There is insufficient memory for the Java Runtime Environment to continue.
# Native memory allocation (mmap) failed to map 268435456 bytes for Failed to commit area from 0x0000000701a00000 to 0x0000000711a00000 of length 268435456.
# Possible reasons:
#   The system is out of physical RAM or swap space
#   The process is running with CompressedOops enabled, and the Java Heap may be blocking the growth of the native heap
# Possible solutions:
#   Reduce memory load on the system
#   Increase physical memory or swap space
#   Check if swap backing store is full
#   Decrease Java heap size (-Xmx/-Xms)
#   Decrease number of Java threads
#   Decrease Java thread stack sizes (-Xss)
#   Set larger code cache with -XX:ReservedCodeCacheSize=
# This output file may be truncated or incomplete.
#
#  Out of Memory Error (t:/workspace/open/src/hotspot/os/windows/os_windows.cpp:3269), pid=16560, tid=10972
#
# JRE version:  (11.0.3+12) (build )
# Java VM: Java HotSpot(TM) 64-Bit Server VM (11.0.3+12-LTS, mixed mode, aot, sharing, tiered, compressed oops, g1 gc, windows-amd64)
# No core dump will be written. Minidumps are not enabled by default on client versions of Windows
#

---------------  S U M M A R Y ------------

Command Line: -Dfile.encoding=Cp1252 Principal

Host: Intel(R) Core(TM) i7-6500U CPU @ 2.50GHz, 4 cores, 15G,  Windows 10 , 64 bit Build 18362 (10.0.18362.778)
Time: Sun Apr 19 21:51:42 2020 E. South America Standard Time elapsed time: 0 seconds (0d 0h 0m 0s)

---------------  T H R E A D  ---------------

Current thread (0x0000020e5921e000):  JavaThread "Unknown thread" [_thread_in_vm, id=10972, stack(0x000000f2b3600000,0x000000f2b3700000)]

Stack: [0x000000f2b3600000,0x000000f2b3700000]
Native frames: (J=compiled Java code, j=interpreted, Vv=VM code, C=native code)
V  [jvm.dll+0x63582a]
V  [jvm.dll+0x77360f]
V  [jvm.dll+0x774cba]
V  [jvm.dll+0x775373]
V  [jvm.dll+0x25e9c8]
V  [jvm.dll+0x632cba]
V  [jvm.dll+0x627715]
V  [jvm.dll+0x31523c]
V  [jvm.dll+0x3150c2]
V  [jvm.dll+0x31a936]
V  [jvm.dll+0x36667f]
V  [jvm.dll+0x3660a0]
V  [jvm.dll+0x2f1da8]
V  [jvm.dll+0x2f2f06]
V  [jvm.dll+0x74c867]
V  [jvm.dll+0x74dfaf]
V  [jvm.dll+0x3734b9]
V  [jvm.dll+0x732f09]
V  [jvm.dll+0x3e291d]
V  [jvm.dll+0x3e4cb1]
C  [javaw.exe+0x3617]
C  [javaw.exe+0x17e2c]
C  [KERNEL32.DLL+0x17bd4]
C  [ntdll.dll+0x6ce51]


---------------  P R O C E S S  ---------------

Threads class SMR info:
_java_thread_list=0x0000020e591469a0, length=0, elements={
}

Java Threads: ( => current thread )

Other Threads:
  0x0000020e5b28a800 GCTaskThread "GC Thread#0" [stack: 0x000000f2b3700000,0x000000f2b3800000] [id=18400]
  0x0000020e5b2e5800 ConcurrentGCThread "G1 Main Marker" [stack: 0x000000f2b3800000,0x000000f2b3900000] [id=3580]
  0x0000020e5b2ea800 ConcurrentGCThread "G1 Conc#0" [stack: 0x000000f2b3900000,0x000000f2b3a00000] [id=18956]

[error occurred during error reporting (printing all threads), id 0xc0000005, EXCEPTION_ACCESS_VIOLATION (0xc0000005) at pc=0x00007ffb45f10497]

VM state:not at safepoint (not fully initialized)

VM Mutex/Monitor currently owned by a thread:  ([mutex/lock_event])
[0x0000020e5b272d50] Heap_lock - owner thread: 0x0000020e5921e000

Heap address: 0x0000000701a00000, size: 4070 MB, Compressed Oops mode: Non-zero based: 0x0000000701a00000
Narrow klass base: 0x0000000000000000, Narrow klass shift: 0

GC Heap History (0 events):
No events

Deoptimization events (0 events):
No events

Classes redefined (0 events):
No events

Internal exceptions (0 events):
No events

Events (0 events):
No events


Dynamic libraries:
0x00007ff7c9a00000 - 0x00007ff7c9a47000 	C:\Program Files\Java\jdk-11.0.3\bin\javaw.exe
0x00007ffb908e0000 - 0x00007ffb90ad0000 	C:\WINDOWS\SYSTEM32\ntdll.dll
0x00007ffb8ea50000 - 0x00007ffb8eb02000 	C:\WINDOWS\System32\KERNEL32.DLL
0x00007ffb8e6b0000 - 0x00007ffb8e953000 	C:\WINDOWS\System32\KERNELBASE.dll
0x00007ffb8f050000 - 0x00007ffb8f0f3000 	C:\WINDOWS\System32\ADVAPI32.dll
0x00007ffb8e9a0000 - 0x00007ffb8ea3e000 	C:\WINDOWS\System32\msvcrt.dll
0x00007ffb90430000 - 0x00007ffb904c7000 	C:\WINDOWS\System32\sechost.dll
0x00007ffb90720000 - 0x00007ffb90840000 	C:\WINDOWS\System32\RPCRT4.dll
0x00007ffb90580000 - 0x00007ffb90714000 	C:\WINDOWS\System32\USER32.dll
0x00007ffb8e960000 - 0x00007ffb8e981000 	C:\WINDOWS\System32\win32u.dll
0x00007ffb8ee40000 - 0x00007ffb8ee66000 	C:\WINDOWS\System32\GDI32.dll
0x00007ffb8e310000 - 0x00007ffb8e4a4000 	C:\WINDOWS\System32\gdi32full.dll
0x00007ffb8e4b0000 - 0x00007ffb8e54e000 	C:\WINDOWS\System32\msvcp_win.dll
0x00007ffb8e040000 - 0x00007ffb8e13a000 	C:\WINDOWS\System32\ucrtbase.dll
0x00007ffb7b200000 - 0x00007ffb7b485000 	C:\WINDOWS\WinSxS\amd64_microsoft.windows.common-controls_6595b64144ccf1df_6.0.18362.778_none_e6c6b761130d4fb8\COMCTL32.dll
0x00007ffb8f9f0000 - 0x00007ffb8fd26000 	C:\WINDOWS\System32\combase.dll
0x00007ffb898b0000 - 0x00007ffb898ba000 	C:\WINDOWS\SYSTEM32\VERSION.dll
0x00007ffb8e140000 - 0x00007ffb8e1c0000 	C:\WINDOWS\System32\bcryptPrimitives.dll
0x00007ffb8f9c0000 - 0x00007ffb8f9ee000 	C:\WINDOWS\System32\IMM32.DLL
0x00007ffb760b0000 - 0x00007ffb760c6000 	C:\Program Files\Java\jdk-11.0.3\bin\vcruntime140.dll
0x00007ffb64a00000 - 0x00007ffb64aaa000 	C:\Program Files\Java\jdk-11.0.3\bin\msvcp140.dll
0x00007ffb45c10000 - 0x00007ffb46737000 	C:\Program Files\Java\jdk-11.0.3\bin\server\jvm.dll
0x00007ffb8e990000 - 0x00007ffb8e998000 	C:\WINDOWS\System32\PSAPI.DLL
0x00007ffb8c2a0000 - 0x00007ffb8c2a9000 	C:\WINDOWS\SYSTEM32\WSOCK32.dll
0x00007ffb8fd30000 - 0x00007ffb8fd9f000 	C:\WINDOWS\System32\WS2_32.dll
0x00007ffb89910000 - 0x00007ffb89934000 	C:\WINDOWS\SYSTEM32\WINMM.dll
0x00007ffb898e0000 - 0x00007ffb8990d000 	C:\WINDOWS\SYSTEM32\WINMMBASE.dll
0x00007ffb8e660000 - 0x00007ffb8e6aa000 	C:\WINDOWS\System32\cfgmgr32.dll
0x00007ffb8d7b0000 - 0x00007ffb8d7c1000 	C:\WINDOWS\System32\kernel.appcore.dll
0x00007ffb82f10000 - 0x00007ffb82f21000 	C:\Program Files\Java\jdk-11.0.3\bin\verify.dll
0x00007ffb8c080000 - 0x00007ffb8c274000 	C:\WINDOWS\SYSTEM32\DBGHELP.DLL
0x00007ffb85290000 - 0x00007ffb852ba000 	C:\WINDOWS\SYSTEM32\dbgcore.DLL
0x00007ffb82040000 - 0x00007ffb82069000 	C:\Program Files\Java\jdk-11.0.3\bin\java.dll
0x00007ffb820c0000 - 0x00007ffb820d6000 	C:\Program Files\Java\jdk-11.0.3\bin\zip.dll
0x00007ffb86940000 - 0x00007ffb8694a000 	C:\Program Files\Java\jdk-11.0.3\bin\jimage.dll

dbghelp: loaded successfully - version: 4.0.5 - missing functions: none
symbol engine: initialized successfully - sym options: 0x614 - pdb path: .;C:\Program Files\Java\jdk-11.0.3\bin;C:\WINDOWS\SYSTEM32;C:\WINDOWS\WinSxS\amd64_microsoft.windows.common-controls_6595b64144ccf1df_6.0.18362.778_none_e6c6b761130d4fb8;C:\Program Files\Java\jdk-11.0.3\bin\server

VM Arguments:
jvm_args: -Dfile.encoding=Cp1252 
java_command: Principal
java_class_path (initial): C:\Workspaces\ED\Projeto1\build\classes;C:\Workspaces\ED\Projeto1\dist\Projeto1.jar
Launcher Type: SUN_STANDARD

[Global flags]
     intx CICompilerCount                          = 3                                         {product} {ergonomic}
     uint ConcGCThreads                            = 1                                         {product} {ergonomic}
     uint G1ConcRefinementThreads                  = 4                                         {product} {ergonomic}
   size_t G1HeapRegionSize                         = 1048576                                   {product} {ergonomic}
    uintx GCDrainStackTargetSize                   = 64                                        {product} {ergonomic}
   size_t InitialHeapSize                          = 268435456                                 {product} {ergonomic}
   size_t MarkStackSize                            = 4194304                                   {product} {ergonomic}
   size_t MaxHeapSize                              = 4267704320                                {product} {ergonomic}
   size_t MinHeapDeltaBytes                        = 1048576                                   {product} {ergonomic}
    uintx NonNMethodCodeHeapSize                   = 5830092                                {pd product} {ergonomic}
    uintx NonProfiledCodeHeapSize                  = 122914074                              {pd product} {ergonomic}
    uintx ProfiledCodeHeapSize                     = 122914074                              {pd product} {ergonomic}
    uintx ReservedCodeCacheSize                    = 251658240                              {pd product} {ergonomic}
     bool SegmentedCodeCache                       = true                                      {product} {ergonomic}
     bool UseCompressedClassPointers               = true                                 {lp64_product} {ergonomic}
     bool UseCompressedOops                        = true                                 {lp64_product} {ergonomic}
     bool UseG1GC                                  = true                                      {product} {ergonomic}
     bool UseLargePagesIndividualAllocation        = false                                  {pd product} {ergonomic}

Logging:
Log output configuration:
 #0: stdout all=warning uptime,level,tags
 #1: stderr all=off uptime,level,tags

Environment Variables:
JAVA_HOME=C:\Program Files\Java\jdk-11.0.3
CLASSPATH=.;C:\Program Files\Java\jdk-11.0.3\lib;C:\Program Files\Java\jdk-11.0.3\lib\tools.jar;C:\Program Files\Java\jdk-11.0.3\lib\dt.jar;C:\Program Files\Java\jdk-11.0.3\lib\htmlconverter.jar;C:\Program Files\Java\jdk-11.0.3\jre\lib;C:\Program Files\Java\jdk-11.0.3\jre\lib\rt.jar
PATH=C:/Program Files/Java/jdk-11.0.3/bin/server;C:/Program Files/Java/jdk-11.0.3/bin;C:\Program Files (x86)\Intel\iCLS Client\;C:\Program Files\Intel\iCLS Client\;C:\Windows\system32;C:\Windows;C:\Windows\System32\Wbem;C:\Windows\System32\WindowsPowerShell\v1.0\;C:\Program Files (x86)\NVIDIA Corporation\PhysX\Common;C:\Program Files (x86)\Intel\Intel(R) Management Engine Components\DAL;C:\Program Files\Intel\Intel(R) Management Engine Components\DAL;C:\Program Files (x86)\Intel\Intel(R) Management Engine Components\IPT;C:\Program Files\Intel\Intel(R) Management Engine Components\IPT;C:\Program Files (x86)\Calibre2\;C:\WINDOWS\system32;C:\WINDOWS;C:\WINDOWS\System32\Wbem;C:\WINDOWS\System32\WindowsPowerShell\v1.0\;C:\Program Files\Java\jdk-11.0.3\bin;C:\Program Files\Intel\WiFi\bin\;C:\Program Files\Common Files\Intel\WirelessCommon\;C:\WINDOWS\System32\OpenSSH\;C:\Program Files\Git\cmd;C:\Program Files\MongoDB\Server\4.0\bin;C:\Program Files\Microsoft SQL Server\120\Tools\Binn\;C:\Program Files\Microsoft SQL Server\Client SDK\ODBC\110\Tools\Binn\;C:\Program Files (x86)\Microsoft SQL Server\120\Tools\Binn\;C:\Program Files\Microsoft SQL Server\120\DTS\Binn\;C:\Program Files (x86)\Microsoft SQL Server\120\Tools\Binn\ManagementStudio\;C:\Program Files (x86)\Microsoft SQL Server\120\DTS\Binn\;C:\Users\danie\AppData\Local\Programs\Python\Python38\Scripts;C:\Users\danie\AppData\Local\Programs\Python\Python38\Scripts\;C:\Users\danie\AppData\Local\Programs\Python\Python38\;C:\Program Files\MySQL\MySQL Shell 8.0\bin\;C:\Users\danie\AppData\Local\Microsoft\WindowsApps;;C:\WINDOWS\system32;
USERNAME=Daniel
OS=Windows_NT
PROCESSOR_IDENTIFIER=Intel64 Family 6 Model 78 Stepping 3, GenuineIntel



---------------  S Y S T E M  ---------------

OS: Windows 10 , 64 bit Build 18362 (10.0.18362.778)

CPU:total 4 (initial active 4) (2 cores per cpu, 2 threads per core) family 6 model 78 stepping 3, cmov, cx8, fxsr, mmx, sse, sse2, sse3, ssse3, sse4.1, sse4.2, popcnt, avx, avx2, aes, clmul, erms, 3dnowpref, lzcnt, ht, tsc, tscinvbit, bmi1, bmi2, adx, fma

Memory: 4k page, system-wide physical 16275M (8091M free)
TotalPageFile size 19205M (AvailPageFile size 220M)
current process WorkingSet (physical memory assigned to process): 9M, peak: 9M
current process commit charge ("private bytes"): 52M, peak: 308M

vm_info: Java HotSpot(TM) 64-Bit Server VM (11.0.3+12-LTS) for windows-amd64 JRE (11.0.3+12-LTS), built on Apr  2 2019 12:43:09 by "mach5one" with MS VC++ 15.5 (VS2017)

END.
